Exception at PC 0x00007FFD84389E08
Exception at PC 0x00007FFD84389E08
Exception at PC 0x00007FFD84389E08
Exception at PC 0x00007FFD84389E08
Exception at PC 0x00007FFD2769E132
Attemped to write at address 0x00007FFD63AD4AA4
Printing stacktrace...

[0]  [0x00007FFD2769E132]
[1]  [0x00007FFD2769E132]
[2]  [0x00007FFD2769E194]
[3]  [0x00007FFD272ED0D7]
[4]  [0x00007FFD271D2BCA]
[5]  [0x00007FFD271D2FD1]
[6]  [0x00007FFD2769EB2F]
[7]  [0x00007FFD2755C19D]
[8]  [0x00007FFD27555942]
[9]  [0x00007FFD27555AB5]
[10] (RtlDeactivateActivationContextUnsafeFast+0x1af) [0x00007FFD876D485F]
[11] (LdrShutdownProcess+0x12c) [0x00007FFD876FD43C]
[12] (RtlExitUserProcess+0xb4) [0x00007FFD876FD2F4]
[13] (FatalExit+0xa) [0x00007FFD84A8C0DA]
[14] (exit+0x75) [0x00007FFD86B5A045]
[15] (initterm_e+0x21d) [0x00007FFD86B5A68D]
[16]  [0x00000000004014CD]
[17]  [0x000000000040151B]
[18] (BaseThreadInitThunk+0x14) [0x00007FFD84A82774]
[19] (RtlUserThreadStart+0x21) [0x00007FFD87720D51]
Done
