
*** Running vivado
    with args -log data_ram.vds -m64 -product Vivado -mode batch -messageDb vivado.pb -notrace -source data_ram.tcl


****** Vivado v2017.3 (64-bit)
  **** SW Build 2018833 on Wed Oct  4 19:58:22 MDT 2017
  **** IP Build 2016188 on Wed Oct  4 21:52:56 MDT 2017
    ** Copyright 1986-2017 Xilinx, Inc. All Rights Reserved.

source data_ram.tcl -notrace
Starting RTL Elaboration : Time (s): cpu = 00:00:08 ; elapsed = 00:00:09 . Memory (MB): peak = 407.441 ; gain = 108.953
INFO: [Synth 8-638] synthesizing module 'data_ram' [g:/jizu_project/project_summary/project_summary.srcs/sources_1/ip/data_ram/synth/data_ram.vhd:70]
INFO: [Synth 8-256] done synthesizing module 'data_ram' (11#1) [g:/jizu_project/project_summary/project_summary.srcs/sources_1/ip/data_ram/synth/data_ram.vhd:70]
Finished RTL Elaboration : Time (s): cpu = 00:04:47 ; elapsed = 00:05:08 . Memory (MB): peak = 957.164 ; gain = 658.676
Finished RTL Optimization Phase 1 : Time (s): cpu = 00:04:47 ; elapsed = 00:05:08 . Memory (MB): peak = 957.164 ; gain = 658.676
INFO: [Device 21-403] Loading part xc7a100tfgg484-1
Constraint Validation Runtime : Time (s): cpu = 00:00:00 ; elapsed = 00:00:00.019 . Memory (MB): peak = 957.164 ; gain = 0.000
Finished Constraint Validation : Time (s): cpu = 00:05:00 ; elapsed = 00:05:22 . Memory (MB): peak = 957.164 ; gain = 658.676
Finished Loading Part and Timing Information : Time (s): cpu = 00:05:00 ; elapsed = 00:05:22 . Memory (MB): peak = 957.164 ; gain = 658.676
Finished applying 'set_property' XDC Constraints : Time (s): cpu = 00:05:00 ; elapsed = 00:05:22 . Memory (MB): peak = 957.164 ; gain = 658.676
Finished RTL Optimization Phase 2 : Time (s): cpu = 00:05:03 ; elapsed = 00:05:26 . Memory (MB): peak = 957.164 ; gain = 658.676
Finished Cross Boundary and Area Optimization : Time (s): cpu = 00:05:06 ; elapsed = 00:05:29 . Memory (MB): peak = 957.164 ; gain = 658.676
Finished Applying XDC Timing Constraints : Time (s): cpu = 00:05:15 ; elapsed = 00:05:38 . Memory (MB): peak = 957.164 ; gain = 658.676
Finished Timing Optimization : Time (s): cpu = 00:05:16 ; elapsed = 00:05:38 . Memory (MB): peak = 957.164 ; gain = 658.676
Finished Technology Mapping : Time (s): cpu = 00:05:16 ; elapsed = 00:05:38 . Memory (MB): peak = 957.164 ; gain = 658.676
Finished IO Insertion : Time (s): cpu = 00:05:17 ; elapsed = 00:05:39 . Memory (MB): peak = 957.164 ; gain = 658.676
Finished Renaming Generated Instances : Time (s): cpu = 00:05:17 ; elapsed = 00:05:39 . Memory (MB): peak = 957.164 ; gain = 658.676
Finished Rebuilding User Hierarchy : Time (s): cpu = 00:05:17 ; elapsed = 00:05:39 . Memory (MB): peak = 957.164 ; gain = 658.676
Finished Renaming Generated Ports : Time (s): cpu = 00:05:17 ; elapsed = 00:05:40 . Memory (MB): peak = 957.164 ; gain = 658.676
Finished Handling Custom Attributes : Time (s): cpu = 00:05:17 ; elapsed = 00:05:40 . Memory (MB): peak = 957.164 ; gain = 658.676
Finished Renaming Generated Nets : Time (s): cpu = 00:05:17 ; elapsed = 00:05:40 . Memory (MB): peak = 957.164 ; gain = 658.676

Report Cell Usage: 
+------+------------+------+
|      |Cell        |Count |
+------+------------+------+
|1     |LUT4        |     1|
|2     |LUT5        |    34|
|3     |LUT6        |   247|
|4     |MUXF7       |    64|
|5     |MUXF8       |    32|
|6     |RAMB18E1    |     3|
|7     |RAMB36E1    |     1|
|8     |RAMB36E1_1  |     1|
|9     |RAMB36E1_10 |     1|
|10    |RAMB36E1_11 |     1|
|11    |RAMB36E1_12 |     1|
|12    |RAMB36E1_13 |     1|
|13    |RAMB36E1_14 |     1|
|14    |RAMB36E1_15 |     1|
|15    |RAMB36E1_16 |     1|
|16    |RAMB36E1_17 |     1|
|17    |RAMB36E1_18 |     1|
|18    |RAMB36E1_19 |     1|
|19    |RAMB36E1_2  |     1|
|20    |RAMB36E1_20 |     1|
|21    |RAMB36E1_3  |     1|
|22    |RAMB36E1_4  |     1|
|23    |RAMB36E1_5  |    72|
|24    |RAMB36E1_6  |     1|
|25    |RAMB36E1_7  |     1|
|26    |RAMB36E1_8  |     1|
|27    |RAMB36E1_9  |     1|
|28    |FDRE        |    10|
+------+------------+------+
Finished Writing Synthesis Report : Time (s): cpu = 00:05:17 ; elapsed = 00:05:40 . Memory (MB): peak = 957.164 ; gain = 658.676
synth_design: Time (s): cpu = 00:05:20 ; elapsed = 00:05:42 . Memory (MB): peak = 957.164 ; gain = 659.113
